# JRE version: OpenJDK Runtime Environment (8.0_202-b03) (build 1.8.0_202-release-1483-b03)
# Java VM: OpenJDK 64-Bit Server VM (25.202-b03 mixed mode windows-amd64 compressed oops)
Heap:
 PSYoungGen      total 361984K, used 12545K [0x00000000e0000000, 0x00000000ff000000, 0x0000000100000000)
  eden space 240640K, 0% used [0x00000000e0000000,0x00000000e0000000,0x00000000eeb00000)
  from space 121344K, 10% used [0x00000000f7980000,0x00000000f85c0638,0x00000000ff000000)
  to   space 133632K, 0% used [0x00000000eeb00000,0x00000000eeb00000,0x00000000f6d80000)
 ParOldGen       total 411648K, used 361249K [0x00000000a0000000, 0x00000000b9200000, 0x00000000e0000000)
  object space 411648K, 87% used [0x00000000a0000000,0x00000000b60c8750,0x00000000b9200000)
 Metaspace       used 164913K, capacity 173330K, committed 173528K, reserved 1202176K
  class space    used 19767K, capacity 21171K, committed 21248K, reserved 1048576K
GC Heap History (10 events):
Event: 4472.014 GC heap after
Heap after GC invocations=76 (full 10):
 PSYoungGen      total 390144K, used 64742K [0x00000000e0000000, 0x0000000100000000, 0x0000000100000000)
  eden space 271872K, 0% used [0x00000000e0000000,0x00000000e0000000,0x00000000f0980000)
  from space 118272K, 54% used [0x00000000f8080000,0x00000000fbfb9bb8,0x00000000ff400000)
  to   space 121856K, 0% used [0x00000000f0980000,0x00000000f0980000,0x00000000f8080000)
 ParOldGen       total 411648K, used 249069K [0x00000000a0000000, 0x00000000b9200000, 0x00000000e0000000)
  object space 411648K, 60% used [0x00000000a0000000,0x00000000af33b440,0x00000000b9200000)
 Metaspace       used 153368K, capacity 161058K, committed 165848K, reserved 1193984K
  class space    used 18494K, capacity 19782K, committed 20480K, reserved 1048576K
}
Event: 4536.437 GC heap before
{Heap before GC invocations=77 (full 10):
 PSYoungGen      total 390144K, used 335008K [0x00000000e0000000, 0x0000000100000000, 0x0000000100000000)
  eden space 271872K, 99% used [0x00000000e0000000,0x00000000f07ee770,0x00000000f0980000)
  from space 118272K, 54% used [0x00000000f8080000,0x00000000fbfb9bb8,0x00000000ff400000)
  to   space 121856K, 0% used [0x00000000f0980000,0x00000000f0980000,0x00000000f8080000)
 ParOldGen       total 411648K, used 249069K [0x00000000a0000000, 0x00000000b9200000, 0x00000000e0000000)
  object space 411648K, 60% used [0x00000000a0000000,0x00000000af33b440,0x00000000b9200000)
 Metaspace       used 153546K, capacity 161260K, committed 165848K, reserved 1193984K
  class space    used 18507K, capacity 19805K, committed 20480K, reserved 1048576K
Event: 4536.458 GC heap after
Heap after GC invocations=77 (full 10):
 PSYoungGen      total 393728K, used 24015K [0x00000000e0000000, 0x00000000ff680000, 0x0000000100000000)
  eden space 271872K, 0% used [0x00000000e0000000,0x00000000e0000000,0x00000000f0980000)
  from space 121856K, 19% used [0x00000000f0980000,0x00000000f20f3c60,0x00000000f8080000)
  to   space 115200K, 0% used [0x00000000f8600000,0x00000000f8600000,0x00000000ff680000)
 ParOldGen       total 411648K, used 250181K [0x00000000a0000000, 0x00000000b9200000, 0x00000000e0000000)
  object space 411648K, 60% used [0x00000000a0000000,0x00000000af451480,0x00000000b9200000)
 Metaspace       used 153546K, capacity 161260K, committed 165848K, reserved 1193984K
  class space    used 18507K, capacity 19805K, committed 20480K, reserved 1048576K
}
Event: 4537.823 GC heap before
{Heap before GC invocations=78 (full 10):
 PSYoungGen      total 393728K, used 295887K [0x00000000e0000000, 0x00000000ff680000, 0x0000000100000000)
  eden space 271872K, 100% used [0x00000000e0000000,0x00000000f0980000,0x00000000f0980000)
  from space 121856K, 19% used [0x00000000f0980000,0x00000000f20f3c60,0x00000000f8080000)
  to   space 115200K, 0% used [0x00000000f8600000,0x00000000f8600000,0x00000000ff680000)
 ParOldGen       total 411648K, used 250181K [0x00000000a0000000, 0x00000000b9200000, 0x00000000e0000000)
  object space 411648K, 60% used [0x00000000a0000000,0x00000000af451480,0x00000000b9200000)
 Metaspace       used 159335K, capacity 167132K, committed 167384K, reserved 1196032K
  class space    used 19124K, capacity 20447K, committed 20480K, reserved 1048576K
Event: 4537.917 GC heap after
Heap after GC invocations=78 (full 10):
 PSYoungGen      total 347648K, used 115177K [0x00000000e0000000, 0x0000000100000000, 0x0000000100000000)
  eden space 232448K, 0% used [0x00000000e0000000,0x00000000e0000000,0x00000000ee300000)
  from space 115200K, 99% used [0x00000000f8600000,0x00000000ff67a530,0x00000000ff680000)
  to   space 145920K, 0% used [0x00000000ee300000,0x00000000ee300000,0x00000000f7180000)
 ParOldGen       total 411648K, used 273845K [0x00000000a0000000, 0x00000000b9200000, 0x00000000e0000000)
  object space 411648K, 66% used [0x00000000a0000000,0x00000000b0b6d748,0x00000000b9200000)
 Metaspace       used 159335K, capacity 167132K, committed 167384K, reserved 1196032K
  class space    used 19124K, capacity 20447K, committed 20480K, reserved 1048576K
}
Event: 4539.098 GC heap before
{Heap before GC invocations=79 (full 10):
 PSYoungGen      total 347648K, used 347625K [0x00000000e0000000, 0x0000000100000000, 0x0000000100000000)
  eden space 232448K, 100% used [0x00000000e0000000,0x00000000ee300000,0x00000000ee300000)
  from space 115200K, 99% used [0x00000000f8600000,0x00000000ff67a530,0x00000000ff680000)
  to   space 145920K, 0% used [0x00000000ee300000,0x00000000ee300000,0x00000000f7180000)
 ParOldGen       total 411648K, used 273845K [0x00000000a0000000, 0x00000000b9200000, 0x00000000e0000000)
  object space 411648K, 66% used [0x00000000a0000000,0x00000000b0b6d748,0x00000000b9200000)
 Metaspace       used 159359K, capacity 167196K, committed 167384K, reserved 1196032K
  class space    used 19124K, capacity 20447K, committed 20480K, reserved 1048576K
Event: 4539.157 GC heap after
Heap after GC invocations=79 (full 10):
 PSYoungGen      total 378368K, used 34548K [0x00000000e0000000, 0x0000000100000000, 0x0000000100000000)
  eden space 232448K, 0% used [0x00000000e0000000,0x00000000e0000000,0x00000000ee300000)
  from space 145920K, 23% used [0x00000000ee300000,0x00000000f04bd1b8,0x00000000f7180000)
  to   space 137728K, 0% used [0x00000000f7980000,0x00000000f7980000,0x0000000100000000)
 ParOldGen       total 411648K, used 327178K [0x00000000a0000000, 0x00000000b9200000, 0x00000000e0000000)
  object space 411648K, 79% used [0x00000000a0000000,0x00000000b3f82a40,0x00000000b9200000)
 Metaspace       used 159359K, capacity 167196K, committed 167384K, reserved 1196032K
  class space    used 19124K, capacity 20447K, committed 20480K, reserved 1048576K
}
Event: 4591.902 GC heap before
{Heap before GC invocations=80 (full 10):
 PSYoungGen      total 378368K, used 266996K [0x00000000e0000000, 0x0000000100000000, 0x0000000100000000)
  eden space 232448K, 100% used [0x00000000e0000000,0x00000000ee300000,0x00000000ee300000)
  from space 145920K, 23% used [0x00000000ee300000,0x00000000f04bd1b8,0x00000000f7180000)
  to   space 137728K, 0% used [0x00000000f7980000,0x00000000f7980000,0x0000000100000000)
 ParOldGen       total 411648K, used 327178K [0x00000000a0000000, 0x00000000b9200000, 0x00000000e0000000)
  object space 411648K, 79% used [0x00000000a0000000,0x00000000b3f82a40,0x00000000b9200000)
 Metaspace       used 164913K, capacity 173330K, committed 173528K, reserved 1202176K
  class space    used 19767K, capacity 21171K, committed 21248K, reserved 1048576K
Event: 4591.985 GC heap after
Heap after GC invocations=80 (full 10):
 PSYoungGen      total 361984K, used 12545K [0x00000000e0000000, 0x00000000ff000000, 0x0000000100000000)
  eden space 240640K, 0% used [0x00000000e0000000,0x00000000e0000000,0x00000000eeb00000)
  from space 121344K, 10% used [0x00000000f7980000,0x00000000f85c0638,0x00000000ff000000)
  to   space 133632K, 0% used [0x00000000eeb00000,0x00000000eeb00000,0x00000000f6d80000)
 ParOldGen       total 411648K, used 361249K [0x00000000a0000000, 0x00000000b9200000, 0x00000000e0000000)
  object space 411648K, 87% used [0x00000000a0000000,0x00000000b60c8750,0x00000000b9200000)
 Metaspace       used 164913K, capacity 173330K, committed 173528K, reserved 1202176K
  class space    used 19767K, capacity 21171K, committed 21248K, reserved 1048576K
}
Event: 4591.985 GC heap before
{Heap before GC invocations=81 (full 11):
 PSYoungGen      total 361984K, used 12545K [0x00000000e0000000, 0x00000000ff000000, 0x0000000100000000)
  eden space 240640K, 0% used [0x00000000e0000000,0x00000000e0000000,0x00000000eeb00000)
  from space 121344K, 10% used [0x00000000f7980000,0x00000000f85c0638,0x00000000ff000000)
  to   space 133632K, 0% used [0x00000000eeb00000,0x00000000eeb00000,0x00000000f6d80000)
 ParOldGen       total 411648K, used 361249K [0x00000000a0000000, 0x00000000b9200000, 0x00000000e0000000)
  object space 411648K, 87% used [0x00000000a0000000,0x00000000b60c8750,0x00000000b9200000)
 Metaspace       used 164913K, capacity 173330K, committed 173528K, reserved 1202176K
  class space    used 19767K, capacity 21171K, committed 21248K, reserved 1048576K

